CMS_Netflixpp/app/build/intermediates/manifest_merge_blame_file/debug/manifest-merger-blame-debug-report.txt
1<?xml version="1.0" encoding="utf-8"?>
2<manifest xmlns:android="http://schemas.android.com/apk/res/android"
3    package="com.example.cms_netflixpp"
4    android:versionCode="1"
5    android:versionName="1.0" >
6
7    <uses-sdk
8        android:minSdkVersion="26"
8-->src/main/AndroidManifest.xml
9        android:targetSdkVersion="33" />
9-->src/main/AndroidManifest.xml
10
11    <uses-permission android:name="android.permission.INTERNET" />
11-->src/main/AndroidManifest.xml:5:5-67
11-->src/main/AndroidManifest.xml:5:22-64
12    <uses-permission android:name="android.permission.ACCESS_NETWORK_STATE" />
12-->src/main/AndroidManifest.xml:6:5-79
12-->src/main/AndroidManifest.xml:6:22-76
13    <uses-permission android:name="android.permission.WAKE_LOCK" />
13-->src/main/AndroidManifest.xml:7:5-68
13-->src/main/AndroidManifest.xml:7:22-65
14    <uses-permission android:name="android.permission.READ_EXTERNAL_STORAGE" />
14-->src/main/AndroidManifest.xml:8:5-80
14-->src/main/AndroidManifest.xml:8:22-77
15
16    <application
16-->src/main/AndroidManifest.xml:11:5-43:19
17        android:allowBackup="true"
17-->src/main/AndroidManifest.xml:12:9-35
18        android:appComponentFactory="androidx.core.app.CoreComponentFactory"
18-->[androidx.core:core:1.8.0] AndroidManifest.xml:24:18-86
19        android:dataExtractionRules="@xml/data_extraction_rules"
19-->src/main/AndroidManifest.xml:13:9-65
20        android:debuggable="true"
21        android:extractNativeLibs="false"
22        android:fullBackupContent="@xml/backup_rules"
22-->src/main/AndroidManifest.xml:14:9-54
23        android:hardwareAccelerated="false"
23-->src/main/AndroidManifest.xml:19:9-44
24        android:icon="@mipmap/ic_laucher_icon_round"
24-->src/main/AndroidManifest.xml:16:9-53
25        android:label="@string/app_name"
25-->src/main/AndroidManifest.xml:17:9-41
26        android:largeHeap="true"
26-->src/main/AndroidManifest.xml:20:9-33
27        android:networkSecurityConfig="@xml/network_security_config"
27-->src/main/AndroidManifest.xml:15:9-69
28        android:roundIcon="@mipmap/ic_laucher_icon_round"
28-->src/main/AndroidManifest.xml:18:9-58
29        android:supportsRtl="true"
29-->src/main/AndroidManifest.xml:21:9-35
30        android:testOnly="true"
31        android:theme="@style/Theme.CMS_Netflixpp" >
31-->src/main/AndroidManifest.xml:22:9-51
32        <activity
32-->src/main/AndroidManifest.xml:24:9-30:20
33            android:name="com.example.cms_netflixpp.VideosActivity"
33-->src/main/AndroidManifest.xml:25:13-43
34            android:exported="false" >
34-->src/main/AndroidManifest.xml:26:13-37
35            <meta-data
35-->src/main/AndroidManifest.xml:27:13-29:36
36                android:name="android.app.lib_name"
36-->src/main/AndroidManifest.xml:28:17-52
37                android:value="" />
37-->src/main/AndroidManifest.xml:29:17-33
38        </activity>
39        <activity
39-->src/main/AndroidManifest.xml:31:9-42:20
40            android:name="com.example.cms_netflixpp.MainActivity"
40-->src/main/AndroidManifest.xml:32:13-41
41            android:exported="true" >
41-->src/main/AndroidManifest.xml:33:13-36
42            <intent-filter>
42-->src/main/AndroidManifest.xml:34:13-38:29
43                <action android:name="android.intent.action.MAIN" />
43-->src/main/AndroidManifest.xml:35:17-69
43-->src/main/AndroidManifest.xml:35:25-66
44
45                <category android:name="android.intent.category.LAUNCHER" />
45-->src/main/AndroidManifest.xml:37:17-77
45-->src/main/AndroidManifest.xml:37:27-74
46            </intent-filter>
47
48            <meta-data
48-->src/main/AndroidManifest.xml:27:13-29:36
49                android:name="android.app.lib_name"
49-->src/main/AndroidManifest.xml:28:17-52
50                android:value="" />
50-->src/main/AndroidManifest.xml:29:17-33
51        </activity>
52
53        <provider
53-->[androidx.emoji2:emoji2:1.2.0] AndroidManifest.xml:24:9-32:20
54            android:name="androidx.startup.InitializationProvider"
54-->[androidx.emoji2:emoji2:1.2.0] AndroidManifest.xml:25:13-67
55            android:authorities="com.example.cms_netflixpp.androidx-startup"
55-->[androidx.emoji2:emoji2:1.2.0] AndroidManifest.xml:26:13-68
56            android:exported="false" >
56-->[androidx.emoji2:emoji2:1.2.0] AndroidManifest.xml:27:13-37
57            <meta-data
57-->[androidx.emoji2:emoji2:1.2.0] AndroidManifest.xml:29:13-31:52
58                android:name="androidx.emoji2.text.EmojiCompatInitializer"
58-->[androidx.emoji2:emoji2:1.2.0] AndroidManifest.xml:30:17-75
59                android:value="androidx.startup" />
59-->[androidx.emoji2:emoji2:1.2.0] AndroidManifest.xml:31:17-49
60            <meta-data
60-->[androidx.lifecycle:lifecycle-process:2.4.1] AndroidManifest.xml:31:13-33:52
61                android:name="androidx.lifecycle.ProcessLifecycleInitializer"
61-->[androidx.lifecycle:lifecycle-process:2.4.1] AndroidManifest.xml:32:17-78
62                android:value="androidx.startup" />
62-->[androidx.lifecycle:lifecycle-process:2.4.1] AndroidManifest.xml:33:17-49
63        </provider>
64    </application>
65
66</manifest>